[rockshopping.vercel.app/index.html]
[backblue.gif]
[fade.gif]
[index.html]
[cdn.jsdelivr.net/npm/bootstrap@5.3.0/dist/css/bootstrap.min.css]
[rockshopping.vercel.app/about.html]
[rockshopping.vercel.app/contact.html]
[rockshopping.vercel.app/banner.jpg]
[rockshopping.vercel.app/about.jpg]
[rockshopping.vercel.app/smartphone.jpg]
[rockshopping.vercel.app/smartphone.html]
[rockshopping.vercel.app/4k-smart-tv.jpg]
[rockshopping.vercel.app/4k-smart-tv.html]
[rockshopping.vercel.app/wireless-earbuds.jpg]
[rockshopping.vercel.app/wireless-earbuds.html]
[rockshopping.vercel.app/smart-watch-pro.jpg]
[rockshopping.vercel.app/smart-watch-pro.html]
[rockshopping.vercel.app/laptop-zbook.jpg]
[rockshopping.vercel.app/laptop-zbook.html]
[rockshopping.vercel.app/bluetooth-speaker.jpg]
[rockshopping.vercel.app/bluetooth-speaker.html]
[rockshopping.vercel.app/privacy-and-policy.html]
[rockshopping.vercel.app/terms-and-conditions.html]
[rockshopping.vercel.app/index.html]
[cdn.jsdelivr.net/npm/bootstrap@5.3.0/dist/css/bootstrap.min.css]
[rockshopping.vercel.app/style.css]
[cdn.jsdelivr.net/npm/bootstrap@5.3.0/dist/js/bootstrap.bundle.min.js]
[rockshopping.vercel.app/shop.15.delayed]
[rockshopping.vercel.app/about.html]
[rockshopping.vercel.app/contact.html]
[rockshopping.vercel.app/smartphone.html]
[rockshopping.vercel.app/4k-smart-tv.html]
[rockshopping.vercel.app/wireless-earbuds.html]
[rockshopping.vercel.app/smart-watch-pro.html]
[rockshopping.vercel.app/laptop-zbook.html]
[rockshopping.vercel.app/bluetooth-speaker.html]
[rockshopping.vercel.app/privacy-and-policy.html]
[rockshopping.vercel.app/terms-and-conditions.html]
[rockshopping.vercel.app/shop.html]
